<?xml version="1.0" encoding="UTF-8" ?>
<testsuite tests="26" failures="0" name="TestSuite" time="277.811" errors="0" skipped="0">
  <properties>
    <property name="java.runtime.name" value="Java(TM) SE Runtime Environment"/>
    <property name="sun.boot.library.path" value="C:\Program Files\Java\jdk1.8.0_161\jre\bin"/>
    <property name="java.vm.version" value="25.161-b12"/>
    <property name="java.vm.vendor" value="Oracle Corporation"/>
    <property name="maven.multiModuleProjectDirectory" value="C:\Users\priyanka.limaye\eclipse-workspace\Fox-QA-Assignment"/>
    <property name="java.vendor.url" value="http://java.oracle.com/"/>
    <property name="path.separator" value=";"/>
    <property name="guice.disable.misplaced.annotation.check" value="true"/>
    <property name="java.vm.name" value="Java HotSpot(TM) 64-Bit Server VM"/>
    <property name="file.encoding.pkg" value="sun.io"/>
    <property name="user.script" value=""/>
    <property name="user.country" value="US"/>
    <property name="sun.java.launcher" value="SUN_STANDARD"/>
    <property name="sun.os.patch.level" value="Service Pack 1"/>
    <property name="java.vm.specification.name" value="Java Virtual Machine Specification"/>
    <property name="user.dir" value="C:\Users\priyanka.limaye\eclipse-workspace\Fox-QA-Assignment"/>
    <property name="java.runtime.version" value="1.8.0_161-b12"/>
    <property name="java.awt.graphicsenv" value="sun.awt.Win32GraphicsEnvironment"/>
    <property name="java.endorsed.dirs" value="C:\Program Files\Java\jdk1.8.0_161\jre\lib\endorsed"/>
    <property name="os.arch" value="amd64"/>
    <property name="java.io.tmpdir" value="C:\Users\PRIYAN~1.LIM\AppData\Local\Temp\"/>
    <property name="line.separator" value="
"/>
    <property name="java.vm.specification.vendor" value="Oracle Corporation"/>
    <property name="user.variant" value=""/>
    <property name="os.name" value="Windows 7"/>
    <property name="classworlds.conf" value="C:\Users\priyanka.limaye\eclipse-workspace\.metadata\.plugins\org.eclipse.m2e.launching\launches\m2conf81622778679435075.tmp"/>
    <property name="sun.jnu.encoding" value="Cp1252"/>
    <property name="java.library.path" value="C:\Program Files\Java\jdk1.8.0_161\bin;C:\Windows\Sun\Java\bin;C:\Windows\system32;C:\Windows;C:/Program Files/Java/jdk1.8.0_161/bin/../jre/bin/server;C:/Program Files/Java/jdk1.8.0_161/bin/../jre/bin;C:/Program Files/Java/jdk1.8.0_161/bin/../jre/lib/amd64;C:\Program Files\Java\jdk1.8.0_161\bin;C:\Program Files\Dell\DW WLAN Card;C:\Windows\system32;C:\Windows;C:\Windows\System32\Wbem;C:\Windows\System32\WindowsPowerShell\v1.0\;C:\Program Files (x86)\Intel\OpenCL SDK\2.0\bin\x86;C:\Program Files (x86)\Intel\OpenCL SDK\2.0\bin\x64;C:\Program Files\WIDCOMM\Bluetooth Software\;C:\Program Files\WIDCOMM\Bluetooth Software\syswow64;C:\Program Files\TortoiseSVN\bin;C:\Maven\bin;C:\Program Files (x86)\HPE\Unified Functional Testing\bin;C:\Program Files\Git\cmd;C:\Program Files\Java\jdk1.8.0_161\bin;C:\Users\priyanka.limaye\Downloads\eclipse-java-oxygen-2-win32-x86_64\eclipse;;."/>
    <property name="java.specification.name" value="Java Platform API Specification"/>
    <property name="java.class.version" value="52.0"/>
    <property name="sun.management.compiler" value="HotSpot 64-Bit Tiered Compilers"/>
    <property name="os.version" value="6.1"/>
    <property name="user.home" value="C:\Users\priyanka.limaye"/>
    <property name="user.timezone" value="America/Los_Angeles"/>
    <property name="java.awt.printerjob" value="sun.awt.windows.WPrinterJob"/>
    <property name="java.specification.version" value="1.8"/>
    <property name="file.encoding" value="Cp1252"/>
    <property name="user.name" value="priyanka.limaye"/>
    <property name="java.class.path" value="C:\Users\priyanka.limaye\Downloads\eclipse-java-oxygen-2-win32-x86_64\eclipse\plugins\org.eclipse.m2e.maven.runtime_1.8.3.20180227-2135\jars\plexus-classworlds-2.5.2.jar"/>
    <property name="java.vm.specification.version" value="1.8"/>
    <property name="sun.arch.data.model" value="64"/>
    <property name="java.home" value="C:\Program Files\Java\jdk1.8.0_161\jre"/>
    <property name="sun.java.command" value="org.codehaus.plexus.classworlds.launcher.Launcher -B test"/>
    <property name="java.specification.vendor" value="Oracle Corporation"/>
    <property name="user.language" value="en"/>
    <property name="awt.toolkit" value="sun.awt.windows.WToolkit"/>
    <property name="java.vm.info" value="mixed mode"/>
    <property name="java.version" value="1.8.0_161"/>
    <property name="java.ext.dirs" value="C:\Program Files\Java\jdk1.8.0_161\jre\lib\ext;C:\Windows\Sun\Java\lib\ext"/>
    <property name="sun.boot.class.path" value="C:\Program Files\Java\jdk1.8.0_161\jre\lib\resources.jar;C:\Program Files\Java\jdk1.8.0_161\jre\lib\rt.jar;C:\Program Files\Java\jdk1.8.0_161\jre\lib\sunrsasign.jar;C:\Program Files\Java\jdk1.8.0_161\jre\lib\jsse.jar;C:\Program Files\Java\jdk1.8.0_161\jre\lib\jce.jar;C:\Program Files\Java\jdk1.8.0_161\jre\lib\charsets.jar;C:\Program Files\Java\jdk1.8.0_161\jre\lib\jfr.jar;C:\Program Files\Java\jdk1.8.0_161\jre\classes"/>
    <property name="java.vendor" value="Oracle Corporation"/>
    <property name="maven.home" value="C:\Users\priyanka.limaye\eclipse-workspace\Fox-QA-Assignment\EMBEDDED"/>
    <property name="file.separator" value="\"/>
    <property name="java.vendor.url.bug" value="http://bugreport.sun.com/bugreport/"/>
    <property name="sun.cpu.endian" value="little"/>
    <property name="sun.io.unicode.encoding" value="UnicodeLittle"/>
    <property name="sun.desktop" value="windows"/>
    <property name="sun.cpu.isalist" value="amd64"/>
  </properties>
  <testcase classname="com.webdriver.tests.HomePageTest" name="initialize" time="70.139"/>
  <testcase classname="com.webdriver.tests.HomePageTest" name="updateDataMovies" time="1.063"/>
  <testcase classname="com.webdriver.tests.HomePageTest" name="fxPage" time="0.769"/>
  <testcase classname="com.webdriver.tests.HomePageTest" name="testDataFx" time="0.462"/>
  <testcase classname="com.webdriver.tests.HomePageTest" name="testDataFx" time="0.236"/>
  <testcase classname="com.webdriver.tests.HomePageTest" name="testDataFx" time="0.232"/>
  <testcase classname="com.webdriver.tests.HomePageTest" name="testDataFx" time="0.234"/>
  <testcase classname="com.webdriver.tests.HomePageTest" name="duplicateFx" time="0"/>
  <testcase classname="com.webdriver.tests.HomePageTest" name="foxSportsPage" time="0.406"/>
  <testcase classname="com.webdriver.tests.HomePageTest" name="testDataFoxSports" time="0.081"/>
  <testcase classname="com.webdriver.tests.HomePageTest" name="testDataFoxSports" time="0.113"/>
  <testcase classname="com.webdriver.tests.HomePageTest" name="testDataFoxSports" time="0.096"/>
  <testcase classname="com.webdriver.tests.HomePageTest" name="testDataFoxSports" time="0.095"/>
  <testcase classname="com.webdriver.tests.HomePageTest" name="duplicateFoxSports" time="0.001"/>
  <testcase classname="com.webdriver.tests.HomePageTest" name="nationalGeographicPage" time="0.505"/>
  <testcase classname="com.webdriver.tests.HomePageTest" name="testDataNationalGeographic" time="0.978"/>
  <testcase classname="com.webdriver.tests.HomePageTest" name="testDataNationalGeographic" time="0.655"/>
  <testcase classname="com.webdriver.tests.HomePageTest" name="testDataNationalGeographic" time="0.579"/>
  <testcase classname="com.webdriver.tests.HomePageTest" name="testDataNationalGeographic" time="0.598"/>
  <testcase classname="com.webdriver.tests.HomePageTest" name="duplicateNationalGeographic" time="0"/>
  <testcase classname="com.webdriver.tests.HomePageTest" name="allShowsPage" time="189.416"/>
  <testcase classname="com.webdriver.tests.HomePageTest" name="testDataAllShows" time="3.039"/>
  <testcase classname="com.webdriver.tests.HomePageTest" name="testDataAllShows" time="2.557"/>
  <testcase classname="com.webdriver.tests.HomePageTest" name="testDataAllShows" time="2.966"/>
  <testcase classname="com.webdriver.tests.HomePageTest" name="testDataAllShows" time="2.524"/>
  <testcase classname="com.webdriver.tests.HomePageTest" name="duplicateAllShows" time="0.067"/>
</testsuite>