<?xml version="1.0" encoding="UTF-8"?>
<!-- Generated by org.testng.reporters.JUnitReportReporter -->
<testsuite skipped="0" hostname="jgus-2k16-LB3" name="com.webdriver.tests.HomePageTest" tests="26" failures="0" timestamp="01 May 2018 01:47:06 GMT" time="244.312" errors="0">
  <testcase name="initialize" time="38.347" classname="com.webdriver.tests.HomePageTest"/>
  <testcase name="updateDataMovies" time="1.115" classname="com.webdriver.tests.HomePageTest"/>
  <testcase name="fxPage" time="0.671" classname="com.webdriver.tests.HomePageTest"/>
  <testcase name="testDataFx" time="0.460" classname="com.webdriver.tests.HomePageTest"/>
  <testcase name="testDataFx" time="0.230" classname="com.webdriver.tests.HomePageTest"/>
  <testcase name="testDataFx" time="0.230" classname="com.webdriver.tests.HomePageTest"/>
  <testcase name="testDataFx" time="0.250" classname="com.webdriver.tests.HomePageTest"/>
  <testcase name="duplicateFx" time="0.000" classname="com.webdriver.tests.HomePageTest"/>
  <testcase name="foxSportsPage" time="0.460" classname="com.webdriver.tests.HomePageTest"/>
  <testcase name="testDataFoxSports" time="0.110" classname="com.webdriver.tests.HomePageTest"/>
  <testcase name="testDataFoxSports" time="0.080" classname="com.webdriver.tests.HomePageTest"/>
  <testcase name="testDataFoxSports" time="0.070" classname="com.webdriver.tests.HomePageTest"/>
  <testcase name="testDataFoxSports" time="0.060" classname="com.webdriver.tests.HomePageTest"/>
  <testcase name="duplicateFoxSports" time="0.000" classname="com.webdriver.tests.HomePageTest"/>
  <testcase name="nationalGeographicPage" time="0.542" classname="com.webdriver.tests.HomePageTest"/>
  <testcase name="testDataNationalGeographic" time="0.770" classname="com.webdriver.tests.HomePageTest"/>
  <testcase name="testDataNationalGeographic" time="0.662" classname="com.webdriver.tests.HomePageTest"/>
  <testcase name="testDataNationalGeographic" time="0.567" classname="com.webdriver.tests.HomePageTest"/>
  <testcase name="testDataNationalGeographic" time="0.510" classname="com.webdriver.tests.HomePageTest"/>
  <testcase name="duplicateNationalGeographic" time="0.000" classname="com.webdriver.tests.HomePageTest"/>
  <testcase name="allShowsPage" time="189.330" classname="com.webdriver.tests.HomePageTest"/>
  <testcase name="testDataAllShows" time="2.429" classname="com.webdriver.tests.HomePageTest"/>
  <testcase name="testDataAllShows" time="2.502" classname="com.webdriver.tests.HomePageTest"/>
  <testcase name="testDataAllShows" time="2.287" classname="com.webdriver.tests.HomePageTest"/>
  <testcase name="testDataAllShows" time="2.570" classname="com.webdriver.tests.HomePageTest"/>
  <testcase name="duplicateAllShows" time="0.060" classname="com.webdriver.tests.HomePageTest"/>
</testsuite> <!-- com.webdriver.tests.HomePageTest -->
